<?xml version="1.0" encoding="UTF-8"?>
<!-- Generated by org.testng.reporters.JUnitReportReporter -->
<testsuite hostname="DESKTOP-1EROBP6" failures="0" tests="4" name="org.citrusframework.simulator.SimulatorWebServiceIT" time="0.794" errors="0" timestamp="2023-01-25T20:56:24 MEZ" skipped="0">
  <testcase classname="org.citrusframework.simulator.SimulatorWebServiceIT" name="testGoodNightRequest" time="0.120"/>
  <system-out/>
  <testcase classname="org.citrusframework.simulator.SimulatorWebServiceIT" name="testHelloRequest" time="0.057"/>
  <system-out/>
  <testcase classname="org.citrusframework.simulator.SimulatorWebServiceIT" name="testGoodByeRequest" time="0.579"/>
  <system-out/>
  <testcase classname="org.citrusframework.simulator.SimulatorWebServiceIT" name="testUnknownRequest" time="0.038"/>
  <system-out/>
</testsuite> <!-- org.citrusframework.simulator.SimulatorWebServiceIT -->
