<?xml version="1.0" encoding="UTF-8"?>
<testsuite xmlns:xsi="http://www.w3.org/2001/XMLSchema-instance" xsi:noNamespaceSchemaLocation="https://maven.apache.org/surefire/maven-failsafe-plugin/xsd/failsafe-test-report.xsd" name="org.citrusframework.simulator.SimulatorWebServiceIT" time="1.908" tests="4" errors="0" skipped="0" failures="0">
  <properties>
    <property name="java.specification.version" value="17"/>
    <property name="sun.cpu.isalist" value="amd64"/>
    <property name="sun.jnu.encoding" value="Cp1252"/>
    <property name="java.class.path" value="D:\Projekte\citrusSimSoap\citrus-simulator-rest\target\test-classes;D:\Projekte\citrusSimSoap\citrus-simulator-rest\target\classes;C:\Users\Marti\.m2\repository\org\springframework\boot\spring-boot-starter-web\2.5.4\spring-boot-starter-web-2.5.4.jar;C:\Users\Marti\.m2\repository\org\springframework\boot\spring-boot-starter\2.5.4\spring-boot-starter-2.5.4.jar;C:\Users\Marti\.m2\repository\org\springframework\boot\spring-boot\2.5.4\spring-boot-2.5.4.jar;C:\Users\Marti\.m2\repository\org\springframework\boot\spring-boot-autoconfigure\2.5.4\spring-boot-autoconfigure-2.5.4.jar;C:\Users\Marti\.m2\repository\org\springframework\boot\spring-boot-starter-logging\2.5.4\spring-boot-starter-logging-2.5.4.jar;C:\Users\Marti\.m2\repository\org\apache\logging\log4j\log4j-to-slf4j\2.14.1\log4j-to-slf4j-2.14.1.jar;C:\Users\Marti\.m2\repository\org\apache\logging\log4j\log4j-api\2.14.1\log4j-api-2.14.1.jar;C:\Users\Marti\.m2\repository\org\slf4j\jul-to-slf4j\1.7.32\jul-to-slf4j-1.7.32.jar;C:\Users\Marti\.m2\repository\jakarta\annotation\jakarta.annotation-api\1.3.5\jakarta.annotation-api-1.3.5.jar;C:\Users\Marti\.m2\repository\org\springframework\boot\spring-boot-starter-json\2.5.4\spring-boot-starter-json-2.5.4.jar;C:\Users\Marti\.m2\repository\com\fasterxml\jackson\core\jackson-databind\2.12.4\jackson-databind-2.12.4.jar;C:\Users\Marti\.m2\repository\com\fasterxml\jackson\core\jackson-annotations\2.12.4\jackson-annotations-2.12.4.jar;C:\Users\Marti\.m2\repository\com\fasterxml\jackson\core\jackson-core\2.12.4\jackson-core-2.12.4.jar;C:\Users\Marti\.m2\repository\com\fasterxml\jackson\datatype\jackson-datatype-jdk8\2.12.4\jackson-datatype-jdk8-2.12.4.jar;C:\Users\Marti\.m2\repository\com\fasterxml\jackson\datatype\jackson-datatype-jsr310\2.12.4\jackson-datatype-jsr310-2.12.4.jar;C:\Users\Marti\.m2\repository\com\fasterxml\jackson\module\jackson-module-parameter-names\2.12.4\jackson-module-parameter-names-2.12.4.jar;C:\Users\Marti\.m2\repository\org\springframework\boot\spring-boot-starter-tomcat\2.5.4\spring-boot-starter-tomcat-2.5.4.jar;C:\Users\Marti\.m2\repository\org\apache\tomcat\embed\tomcat-embed-core\9.0.52\tomcat-embed-core-9.0.52.jar;C:\Users\Marti\.m2\repository\org\apache\tomcat\embed\tomcat-embed-el\9.0.52\tomcat-embed-el-9.0.52.jar;C:\Users\Marti\.m2\repository\org\apache\tomcat\embed\tomcat-embed-websocket\9.0.52\tomcat-embed-websocket-9.0.52.jar;C:\Users\Marti\.m2\repository\org\springframework\spring-web\5.3.9\spring-web-5.3.9.jar;C:\Users\Marti\.m2\repository\org\springframework\spring-webmvc\5.3.9\spring-webmvc-5.3.9.jar;C:\Users\Marti\.m2\repository\org\springframework\spring-expression\5.3.9\spring-expression-5.3.9.jar;C:\Users\Marti\.m2\repository\org\citrusframework\citrus-simulator-starter\2.1.1\citrus-simulator-starter-2.1.1.jar;C:\Users\Marti\.m2\repository\org\springframework\boot\spring-boot-starter-data-jpa\2.5.4\spring-boot-starter-data-jpa-2.5.4.jar;C:\Users\Marti\.m2\repository\org\springframework\boot\spring-boot-starter-jdbc\2.5.4\spring-boot-starter-jdbc-2.5.4.jar;C:\Users\Marti\.m2\repository\com\zaxxer\HikariCP\4.0.3\HikariCP-4.0.3.jar;C:\Users\Marti\.m2\repository\org\springframework\spring-jdbc\5.3.9\spring-jdbc-5.3.9.jar;C:\Users\Marti\.m2\repository\jakarta\persistence\jakarta.persistence-api\2.2.3\jakarta.persistence-api-2.2.3.jar;C:\Users\Marti\.m2\repository\org\hibernate\hibernate-core\5.4.32.Final\hibernate-core-5.4.32.Final.jar;C:\Users\Marti\.m2\repository\org\jboss\logging\jboss-logging\3.4.2.Final\jboss-logging-3.4.2.Final.jar;C:\Users\Marti\.m2\repository\org\javassist\javassist\3.27.0-GA\javassist-3.27.0-GA.jar;C:\Users\Marti\.m2\repository\net\bytebuddy\byte-buddy\1.10.22\byte-buddy-1.10.22.jar;C:\Users\Marti\.m2\repository\antlr\antlr\2.7.7\antlr-2.7.7.jar;C:\Users\Marti\.m2\repository\org\jboss\jandex\2.2.3.Final\jandex-2.2.3.Final.jar;C:\Users\Marti\.m2\repository\com\fasterxml\classmate\1.5.1\classmate-1.5.1.jar;C:\Users\Marti\.m2\repository\org\dom4j\dom4j\2.1.3\dom4j-2.1.3.jar;C:\Users\Marti\.m2\repository\org\hibernate\common\hibernate-commons-annotations\5.1.2.Final\hibernate-commons-annotations-5.1.2.Final.jar;C:\Users\Marti\.m2\repository\org\springframework\data\spring-data-jpa\2.5.4\spring-data-jpa-2.5.4.jar;C:\Users\Marti\.m2\repository\org\springframework\data\spring-data-commons\2.5.4\spring-data-commons-2.5.4.jar;C:\Users\Marti\.m2\repository\org\springframework\spring-orm\5.3.9\spring-orm-5.3.9.jar;C:\Users\Marti\.m2\repository\org\springframework\spring-tx\5.3.9\spring-tx-5.3.9.jar;C:\Users\Marti\.m2\repository\org\springframework\spring-aspects\5.3.9\spring-aspects-5.3.9.jar;C:\Users\Marti\.m2\repository\org\springframework\boot\spring-boot-starter-aop\2.5.4\spring-boot-starter-aop-2.5.4.jar;C:\Users\Marti\.m2\repository\org\aspectj\aspectjweaver\1.9.7\aspectjweaver-1.9.7.jar;C:\Users\Marti\.m2\repository\org\springframework\boot\spring-boot-starter-actuator\2.5.4\spring-boot-starter-actuator-2.5.4.jar;C:\Users\Marti\.m2\repository\org\springframework\boot\spring-boot-actuator-autoconfigure\2.5.4\spring-boot-actuator-autoconfigure-2.5.4.jar;C:\Users\Marti\.m2\repository\org\springframework\boot\spring-boot-actuator\2.5.4\spring-boot-actuator-2.5.4.jar;C:\Users\Marti\.m2\repository\io\micrometer\micrometer-core\1.7.3\micrometer-core-1.7.3.jar;C:\Users\Marti\.m2\repository\org\hdrhistogram\HdrHistogram\2.1.12\HdrHistogram-2.1.12.jar;C:\Users\Marti\.m2\repository\org\latencyutils\LatencyUtils\2.0.3\LatencyUtils-2.0.3.jar;C:\Users\Marti\.m2\repository\com\h2database\h2\1.4.200\h2-1.4.200.jar;C:\Users\Marti\.m2\repository\jakarta\interceptor\jakarta.interceptor-api\1.2.4\jakarta.interceptor-api-1.2.4.jar;C:\Users\Marti\.m2\repository\jakarta\ejb\jakarta.ejb-api\3.2.4\jakarta.ejb-api-3.2.4.jar;C:\Users\Marti\.m2\repository\jakarta\transaction\jakarta.transaction-api\1.3.3\jakarta.transaction-api-1.3.3.jar;C:\Users\Marti\.m2\repository\wsdl4j\wsdl4j\1.6.3\wsdl4j-1.6.3.jar;C:\Users\Marti\.m2\repository\org\apache\xmlbeans\xmlbeans\3.1.0\xmlbeans-3.1.0.jar;C:\Users\Marti\.m2\repository\io\swagger\parser\v3\swagger-parser\2.0.28\swagger-parser-2.0.28.jar;C:\Users\Marti\.m2\repository\io\swagger\parser\v3\swagger-parser-v2-converter\2.0.28\swagger-parser-v2-converter-2.0.28.jar;C:\Users\Marti\.m2\repository\io\swagger\swagger-core\1.6.3\swagger-core-1.6.3.jar;C:\Users\Marti\.m2\repository\org\apache\commons\commons-lang3\3.12.0\commons-lang3-3.12.0.jar;C:\Users\Marti\.m2\repository\io\swagger\swagger-models\1.6.3\swagger-models-1.6.3.jar;C:\Users\Marti\.m2\repository\io\swagger\swagger-annotations\1.6.3\swagger-annotations-1.6.3.jar;C:\Users\Marti\.m2\repository\javax\validation\validation-api\2.0.1.Final\validation-api-2.0.1.Final.jar;C:\Users\Marti\.m2\repository\io\swagger\swagger-parser\1.0.56\swagger-parser-1.0.56.jar;C:\Users\Marti\.m2\repository\io\swagger\swagger-compat-spec-parser\1.0.56\swagger-compat-spec-parser-1.0.56.jar;C:\Users\Marti\.m2\repository\com\github\java-json-tools\json-patch\1.13\json-patch-1.13.jar;C:\Users\Marti\.m2\repository\com\github\java-json-tools\msg-simple\1.2\msg-simple-1.2.jar;C:\Users\Marti\.m2\repository\com\github\java-json-tools\btf\1.3\btf-1.3.jar;C:\Users\Marti\.m2\repository\com\github\java-json-tools\jackson-coreutils\2.0\jackson-coreutils-2.0.jar;C:\Users\Marti\.m2\repository\io\swagger\core\v3\swagger-models\2.1.11\swagger-models-2.1.11.jar;C:\Users\Marti\.m2\repository\io\swagger\parser\v3\swagger-parser-core\2.0.28\swagger-parser-core-2.0.28.jar;C:\Users\Marti\.m2\repository\io\swagger\parser\v3\swagger-parser-v3\2.0.28\swagger-parser-v3-2.0.28.jar;C:\Users\Marti\.m2\repository\io\swagger\core\v3\swagger-core\2.1.11\swagger-core-2.1.11.jar;C:\Users\Marti\.m2\repository\io\swagger\core\v3\swagger-annotations\2.1.11\swagger-annotations-2.1.11.jar;C:\Users\Marti\.m2\repository\jakarta\validation\jakarta.validation-api\2.0.2\jakarta.validation-api-2.0.2.jar;C:\Users\Marti\.m2\repository\com\fasterxml\jackson\dataformat\jackson-dataformat-yaml\2.12.4\jackson-dataformat-yaml-2.12.4.jar;C:\Users\Marti\.m2\repository\com\consol\citrus\citrus-core\3.2.1\citrus-core-3.2.1.jar;C:\Users\Marti\.m2\repository\com\consol\citrus\citrus-spring\3.2.1\citrus-spring-3.2.1.jar;C:\Users\Marti\.m2\repository\com\consol\citrus\citrus-validation-json\3.2.1\citrus-validation-json-3.2.1.jar;C:\Users\Marti\.m2\repository\net\minidev\json-smart\2.4.7\json-smart-2.4.7.jar;C:\Users\Marti\.m2\repository\net\minidev\accessors-smart\2.4.7\accessors-smart-2.4.7.jar;C:\Users\Marti\.m2\repository\org\ow2\asm\asm\9.1\asm-9.1.jar;C:\Users\Marti\.m2\repository\com\jayway\jsonpath\json-path\2.5.0\json-path-2.5.0.jar;C:\Users\Marti\.m2\repository\com\github\java-json-tools\json-schema-validator\2.2.14\json-schema-validator-2.2.14.jar;C:\Users\Marti\.m2\repository\com\github\java-json-tools\jackson-coreutils-equivalence\1.0\jackson-coreutils-equivalence-1.0.jar;C:\Users\Marti\.m2\repository\com\github\java-json-tools\json-schema-core\1.2.14\json-schema-core-1.2.14.jar;C:\Users\Marti\.m2\repository\com\github\java-json-tools\uri-template\0.10\uri-template-0.10.jar;C:\Users\Marti\.m2\repository\org\mozilla\rhino\1.7.7.2\rhino-1.7.7.2.jar;C:\Users\Marti\.m2\repository\com\sun\mail\mailapi\1.6.2\mailapi-1.6.2.jar;C:\Users\Marti\.m2\repository\joda-time\joda-time\2.10.5\joda-time-2.10.5.jar;C:\Users\Marti\.m2\repository\com\googlecode\libphonenumber\libphonenumber\8.11.1\libphonenumber-8.11.1.jar;C:\Users\Marti\.m2\repository\net\sf\jopt-simple\jopt-simple\5.0.4\jopt-simple-5.0.4.jar;C:\Users\Marti\.m2\repository\com\consol\citrus\citrus-validation-text\3.2.1\citrus-validation-text-3.2.1.jar;C:\Users\Marti\.m2\repository\com\consol\citrus\citrus-validation-binary\3.2.1\citrus-validation-binary-3.2.1.jar;C:\Users\Marti\.m2\repository\com\consol\citrus\citrus-validation-groovy\3.2.1\citrus-validation-groovy-3.2.1.jar;C:\Users\Marti\.m2\repository\org\codehaus\groovy\groovy\3.0.8\groovy-3.0.8.jar;C:\Users\Marti\.m2\repository\org\codehaus\groovy\groovy-jsr223\3.0.8\groovy-jsr223-3.0.8.jar;C:\Users\Marti\.m2\repository\org\codehaus\groovy\groovy-json\3.0.8\groovy-json-3.0.8.jar;C:\Users\Marti\.m2\repository\org\codehaus\groovy\groovy-xml\3.0.8\groovy-xml-3.0.8.jar;C:\Users\Marti\.m2\repository\com\consol\citrus\citrus-validation-hamcrest\3.2.1\citrus-validation-hamcrest-3.2.1.jar;C:\Users\Marti\.m2\repository\org\hamcrest\hamcrest\2.2\hamcrest-2.2.jar;C:\Users\Marti\.m2\repository\org\hamcrest\hamcrest-library\2.2\hamcrest-library-2.2.jar;C:\Users\Marti\.m2\repository\org\hamcrest\hamcrest-core\2.2\hamcrest-core-2.2.jar;C:\Users\Marti\.m2\repository\com\consol\citrus\citrus-testng\3.2.1\citrus-testng-3.2.1.jar;C:\Users\Marti\.m2\repository\com\consol\citrus\citrus-junit\3.2.1\citrus-junit-3.2.1.jar;C:\Users\Marti\.m2\repository\com\consol\citrus\citrus-junit5\3.2.1\citrus-junit5-3.2.1.jar;C:\Users\Marti\.m2\repository\com\consol\citrus\citrus-main\3.2.1\citrus-main-3.2.1.jar;C:\Users\Marti\.m2\repository\com\consol\citrus\citrus-cucumber\3.2.1\citrus-cucumber-3.2.1.jar;C:\Users\Marti\.m2\repository\io\cucumber\cucumber-java\6.11.0\cucumber-java-6.11.0.jar;C:\Users\Marti\.m2\repository\io\cucumber\cucumber-core\6.11.0\cucumber-core-6.11.0.jar;C:\Users\Marti\.m2\repository\io\cucumber\cucumber-gherkin\6.11.0\cucumber-gherkin-6.11.0.jar;C:\Users\Marti\.m2\repository\io\cucumber\cucumber-gherkin-messages\6.11.0\cucumber-gherkin-messages-6.11.0.jar;C:\Users\Marti\.m2\repository\io\cucumber\messages\15.0.0\messages-15.0.0.jar;C:\Users\Marti\.m2\repository\io\cucumber\tag-expressions\3.0.1\tag-expressions-3.0.1.jar;C:\Users\Marti\.m2\repository\io\cucumber\cucumber-expressions\10.3.0\cucumber-expressions-10.3.0.jar;C:\Users\Marti\.m2\repository\io\cucumber\datatable\3.5.0\datatable-3.5.0.jar;C:\Users\Marti\.m2\repository\io\cucumber\cucumber-plugin\6.11.0\cucumber-plugin-6.11.0.jar;C:\Users\Marti\.m2\repository\io\cucumber\docstring\6.11.0\docstring-6.11.0.jar;C:\Users\Marti\.m2\repository\io\cucumber\html-formatter\13.0.0\html-formatter-13.0.0.jar;C:\Users\Marti\.m2\repository\io\cucumber\create-meta\4.0.0\create-meta-4.0.0.jar;C:\Users\Marti\.m2\repository\org\apiguardian\apiguardian-api\1.1.2\apiguardian-api-1.1.2.jar;C:\Users\Marti\.m2\repository\com\consol\citrus\citrus-groovy\3.2.1\citrus-groovy-3.2.1.jar;C:\Users\Marti\.m2\repository\com\consol\citrus\citrus-spring-integration\3.2.1\citrus-spring-integration-3.2.1.jar;C:\Users\Marti\.m2\repository\org\springframework\integration\spring-integration-core\5.5.3\spring-integration-core-5.5.3.jar;C:\Users\Marti\.m2\repository\org\springframework\spring-messaging\5.3.9\spring-messaging-5.3.9.jar;C:\Users\Marti\.m2\repository\org\springframework\retry\spring-retry\1.3.1\spring-retry-1.3.1.jar;C:\Users\Marti\.m2\repository\javax\annotation\javax.annotation-api\1.3.2\javax.annotation-api-1.3.2.jar;C:\Users\Marti\.m2\repository\io\projectreactor\reactor-core\3.4.9\reactor-core-3.4.9.jar;C:\Users\Marti\.m2\repository\org\reactivestreams\reactive-streams\1.0.3\reactive-streams-1.0.3.jar;C:\Users\Marti\.m2\repository\com\consol\citrus\citrus-sql\3.2.1\citrus-sql-3.2.1.jar;C:\Users\Marti\.m2\repository\org\springframework\spring-test\5.3.9\spring-test-5.3.9.jar;C:\Users\Marti\.m2\repository\com\consol\citrus\citrus-http\3.2.1\citrus-http-3.2.1.jar;C:\Users\Marti\.m2\repository\org\springframework\integration\spring-integration-http\5.5.3\spring-integration-http-5.5.3.jar;C:\Users\Marti\.m2\repository\org\springframework\spring-oxm\5.3.9\spring-oxm-5.3.9.jar;C:\Users\Marti\.m2\repository\org\apache\httpcomponents\httpclient\4.5.13\httpclient-4.5.13.jar;C:\Users\Marti\.m2\repository\org\apache\httpcomponents\httpcore\4.4.14\httpcore-4.4.14.jar;C:\Users\Marti\.m2\repository\com\consol\citrus\citrus-java-dsl\3.2.1\citrus-java-dsl-3.2.1.jar;C:\Users\Marti\.m2\repository\com\consol\citrus\citrus-endpoint-catalog\3.2.1\citrus-endpoint-catalog-3.2.1.jar;C:\Users\Marti\.m2\repository\org\slf4j\slf4j-api\1.7.32\slf4j-api-1.7.32.jar;C:\Users\Marti\.m2\repository\org\slf4j\jcl-over-slf4j\1.7.32\jcl-over-slf4j-1.7.32.jar;C:\Users\Marti\.m2\repository\ch\qos\logback\logback-classic\1.2.5\logback-classic-1.2.5.jar;C:\Users\Marti\.m2\repository\ch\qos\logback\logback-core\1.2.5\logback-core-1.2.5.jar;C:\Users\Marti\.m2\repository\org\citrusframework\citrus-simulator-ui\2.1.1\citrus-simulator-ui-2.1.1.jar;C:\Users\Marti\.m2\repository\com\consol\citrus\citrus-api\3.2.1\citrus-api-3.2.1.jar;C:\Users\Marti\.m2\repository\org\springframework\spring-core\5.3.9\spring-core-5.3.9.jar;C:\Users\Marti\.m2\repository\org\springframework\spring-jcl\5.3.9\spring-jcl-5.3.9.jar;C:\Users\Marti\.m2\repository\com\consol\citrus\citrus-ws\3.2.1\citrus-ws-3.2.1.jar;C:\Users\Marti\.m2\repository\com\consol\citrus\citrus-base\3.2.1\citrus-base-3.2.1.jar;C:\Users\Marti\.m2\repository\commons-lang\commons-lang\2.6\commons-lang-2.6.jar;C:\Users\Marti\.m2\repository\com\consol\citrus\citrus-validation-xml\3.2.1\citrus-validation-xml-3.2.1.jar;C:\Users\Marti\.m2\repository\org\glassfish\jaxb\jaxb-core\2.3.0.1\jaxb-core-2.3.0.1.jar;C:\Users\Marti\.m2\repository\org\glassfish\jaxb\txw2\2.3.5\txw2-2.3.5.jar;C:\Users\Marti\.m2\repository\com\sun\istack\istack-commons-runtime\3.0.5\istack-commons-runtime-3.0.5.jar;C:\Users\Marti\.m2\repository\org\glassfish\jaxb\jaxb-runtime\2.3.5\jaxb-runtime-2.3.5.jar;C:\Users\Marti\.m2\repository\xalan\xalan\2.7.2\xalan-2.7.2.jar;C:\Users\Marti\.m2\repository\xalan\serializer\2.7.2\serializer-2.7.2.jar;C:\Users\Marti\.m2\repository\xerces\xercesImpl\2.12.2\xercesImpl-2.12.2.jar;C:\Users\Marti\.m2\repository\xml-apis\xml-apis\1.4.01\xml-apis-1.4.01.jar;C:\Users\Marti\.m2\repository\net\sf\jtidy\jtidy\r938\jtidy-r938.jar;C:\Users\Marti\.m2\repository\com\sun\xml\messaging\saaj\saaj-impl\1.5.3\saaj-impl-1.5.3.jar;C:\Users\Marti\.m2\repository\jakarta\xml\soap\jakarta.xml.soap-api\1.4.2\jakarta.xml.soap-api-1.4.2.jar;C:\Users\Marti\.m2\repository\org\jvnet\staxex\stax-ex\1.8.3\stax-ex-1.8.3.jar;C:\Users\Marti\.m2\repository\com\sun\activation\jakarta.activation\1.2.2\jakarta.activation-1.2.2.jar;C:\Users\Marti\.m2\repository\jakarta\xml\bind\jakarta.xml.bind-api\2.3.3\jakarta.xml.bind-api-2.3.3.jar;C:\Users\Marti\.m2\repository\jakarta\activation\jakarta.activation-api\1.2.2\jakarta.activation-api-1.2.2.jar;C:\Users\Marti\.m2\repository\org\eclipse\jetty\jetty-server\9.4.43.v20210629\jetty-server-9.4.43.v20210629.jar;C:\Users\Marti\.m2\repository\org\eclipse\jetty\jetty-http\9.4.43.v20210629\jetty-http-9.4.43.v20210629.jar;C:\Users\Marti\.m2\repository\org\eclipse\jetty\jetty-util\9.4.43.v20210629\jetty-util-9.4.43.v20210629.jar;C:\Users\Marti\.m2\repository\org\eclipse\jetty\jetty-io\9.4.43.v20210629\jetty-io-9.4.43.v20210629.jar;C:\Users\Marti\.m2\repository\org\eclipse\jetty\jetty-servlet\9.4.43.v20210629\jetty-servlet-9.4.43.v20210629.jar;C:\Users\Marti\.m2\repository\org\eclipse\jetty\jetty-security\9.4.43.v20210629\jetty-security-9.4.43.v20210629.jar;C:\Users\Marti\.m2\repository\org\eclipse\jetty\jetty-util-ajax\9.4.43.v20210629\jetty-util-ajax-9.4.43.v20210629.jar;C:\Users\Marti\.m2\repository\jakarta\servlet\jakarta.servlet-api\4.0.4\jakarta.servlet-api-4.0.4.jar;C:\Users\Marti\.m2\repository\commons-codec\commons-codec\1.15\commons-codec-1.15.jar;C:\Users\Marti\.m2\repository\commons-io\commons-io\2.8.0\commons-io-2.8.0.jar;C:\Users\Marti\.m2\repository\org\springframework\spring-beans\5.3.9\spring-beans-5.3.9.jar;C:\Users\Marti\.m2\repository\org\springframework\spring-aop\5.3.9\spring-aop-5.3.9.jar;C:\Users\Marti\.m2\repository\org\springframework\ws\spring-ws-core\3.1.1\spring-ws-core-3.1.1.jar;C:\Users\Marti\.m2\repository\org\springframework\ws\spring-xml\3.1.1\spring-xml-3.1.1.jar;C:\Users\Marti\.m2\repository\org\springframework\spring-context\5.3.9\spring-context-5.3.9.jar;C:\Users\Marti\.m2\repository\org\testng\testng\7.3.0\testng-7.3.0.jar;C:\Users\Marti\.m2\repository\com\beust\jcommander\1.78\jcommander-1.78.jar;C:\Users\Marti\.m2\repository\org\apache\ant\ant\1.10.3\ant-1.10.3.jar;C:\Users\Marti\.m2\repository\org\apache\ant\ant-launcher\1.10.3\ant-launcher-1.10.3.jar;C:\Users\Marti\.m2\repository\junit\junit\4.13.2\junit-4.13.2.jar;C:\Users\Marti\.m2\repository\com\google\inject\guice\4.2.2\guice-4.2.2-no_aop.jar;C:\Users\Marti\.m2\repository\javax\inject\javax.inject\1\javax.inject-1.jar;C:\Users\Marti\.m2\repository\aopalliance\aopalliance\1.0\aopalliance-1.0.jar;C:\Users\Marti\.m2\repository\com\google\guava\guava\25.1-android\guava-25.1-android.jar;C:\Users\Marti\.m2\repository\com\google\code\findbugs\jsr305\3.0.2\jsr305-3.0.2.jar;C:\Users\Marti\.m2\repository\org\checkerframework\checker-compat-qual\2.0.0\checker-compat-qual-2.0.0.jar;C:\Users\Marti\.m2\repository\com\google\errorprone\error_prone_annotations\2.1.3\error_prone_annotations-2.1.3.jar;C:\Users\Marti\.m2\repository\com\google\j2objc\j2objc-annotations\1.1\j2objc-annotations-1.1.jar;C:\Users\Marti\.m2\repository\org\codehaus\mojo\animal-sniffer-annotations\1.14\animal-sniffer-annotations-1.14.jar;C:\Users\Marti\.m2\repository\org\yaml\snakeyaml\1.28\snakeyaml-1.28.jar;"/>
    <property name="java.vm.vendor" value="Amazon.com Inc."/>
    <property name="sun.arch.data.model" value="64"/>
    <property name="user.variant" value=""/>
    <property name="java.vendor.url" value="https://aws.amazon.com/corretto/"/>
    <property name="user.timezone" value="Europe/Berlin"/>
    <property name="os.name" value="Windows 10"/>
    <property name="java.vm.specification.version" value="17"/>
    <property name="sun.java.launcher" value="SUN_STANDARD"/>
    <property name="user.country" value="DE"/>
    <property name="sun.boot.library.path" value="C:\Users\Marti\.jdks\corretto-17.0.4.1\bin"/>
    <property name="sun.java.command" value="C:\Users\Marti\AppData\Local\Temp\surefire17353278587149324083\surefirebooter5665114244842585923.jar C:\Users\Marti\AppData\Local\Temp\surefire17353278587149324083 2023-01-25T20-56-21_203-jvmRun1 surefire3878517081974722867tmp surefire_01761431247739910831tmp"/>
    <property name="jdk.debug" value="release"/>
    <property name="surefire.test.class.path" value="D:\Projekte\citrusSimSoap\citrus-simulator-rest\target\test-classes;D:\Projekte\citrusSimSoap\citrus-simulator-rest\target\classes;C:\Users\Marti\.m2\repository\org\springframework\boot\spring-boot-starter-web\2.5.4\spring-boot-starter-web-2.5.4.jar;C:\Users\Marti\.m2\repository\org\springframework\boot\spring-boot-starter\2.5.4\spring-boot-starter-2.5.4.jar;C:\Users\Marti\.m2\repository\org\springframework\boot\spring-boot\2.5.4\spring-boot-2.5.4.jar;C:\Users\Marti\.m2\repository\org\springframework\boot\spring-boot-autoconfigure\2.5.4\spring-boot-autoconfigure-2.5.4.jar;C:\Users\Marti\.m2\repository\org\springframework\boot\spring-boot-starter-logging\2.5.4\spring-boot-starter-logging-2.5.4.jar;C:\Users\Marti\.m2\repository\org\apache\logging\log4j\log4j-to-slf4j\2.14.1\log4j-to-slf4j-2.14.1.jar;C:\Users\Marti\.m2\repository\org\apache\logging\log4j\log4j-api\2.14.1\log4j-api-2.14.1.jar;C:\Users\Marti\.m2\repository\org\slf4j\jul-to-slf4j\1.7.32\jul-to-slf4j-1.7.32.jar;C:\Users\Marti\.m2\repository\jakarta\annotation\jakarta.annotation-api\1.3.5\jakarta.annotation-api-1.3.5.jar;C:\Users\Marti\.m2\repository\org\springframework\boot\spring-boot-starter-json\2.5.4\spring-boot-starter-json-2.5.4.jar;C:\Users\Marti\.m2\repository\com\fasterxml\jackson\core\jackson-databind\2.12.4\jackson-databind-2.12.4.jar;C:\Users\Marti\.m2\repository\com\fasterxml\jackson\core\jackson-annotations\2.12.4\jackson-annotations-2.12.4.jar;C:\Users\Marti\.m2\repository\com\fasterxml\jackson\core\jackson-core\2.12.4\jackson-core-2.12.4.jar;C:\Users\Marti\.m2\repository\com\fasterxml\jackson\datatype\jackson-datatype-jdk8\2.12.4\jackson-datatype-jdk8-2.12.4.jar;C:\Users\Marti\.m2\repository\com\fasterxml\jackson\datatype\jackson-datatype-jsr310\2.12.4\jackson-datatype-jsr310-2.12.4.jar;C:\Users\Marti\.m2\repository\com\fasterxml\jackson\module\jackson-module-parameter-names\2.12.4\jackson-module-parameter-names-2.12.4.jar;C:\Users\Marti\.m2\repository\org\springframework\boot\spring-boot-starter-tomcat\2.5.4\spring-boot-starter-tomcat-2.5.4.jar;C:\Users\Marti\.m2\repository\org\apache\tomcat\embed\tomcat-embed-core\9.0.52\tomcat-embed-core-9.0.52.jar;C:\Users\Marti\.m2\repository\org\apache\tomcat\embed\tomcat-embed-el\9.0.52\tomcat-embed-el-9.0.52.jar;C:\Users\Marti\.m2\repository\org\apache\tomcat\embed\tomcat-embed-websocket\9.0.52\tomcat-embed-websocket-9.0.52.jar;C:\Users\Marti\.m2\repository\org\springframework\spring-web\5.3.9\spring-web-5.3.9.jar;C:\Users\Marti\.m2\repository\org\springframework\spring-webmvc\5.3.9\spring-webmvc-5.3.9.jar;C:\Users\Marti\.m2\repository\org\springframework\spring-expression\5.3.9\spring-expression-5.3.9.jar;C:\Users\Marti\.m2\repository\org\citrusframework\citrus-simulator-starter\2.1.1\citrus-simulator-starter-2.1.1.jar;C:\Users\Marti\.m2\repository\org\springframework\boot\spring-boot-starter-data-jpa\2.5.4\spring-boot-starter-data-jpa-2.5.4.jar;C:\Users\Marti\.m2\repository\org\springframework\boot\spring-boot-starter-jdbc\2.5.4\spring-boot-starter-jdbc-2.5.4.jar;C:\Users\Marti\.m2\repository\com\zaxxer\HikariCP\4.0.3\HikariCP-4.0.3.jar;C:\Users\Marti\.m2\repository\org\springframework\spring-jdbc\5.3.9\spring-jdbc-5.3.9.jar;C:\Users\Marti\.m2\repository\jakarta\persistence\jakarta.persistence-api\2.2.3\jakarta.persistence-api-2.2.3.jar;C:\Users\Marti\.m2\repository\org\hibernate\hibernate-core\5.4.32.Final\hibernate-core-5.4.32.Final.jar;C:\Users\Marti\.m2\repository\org\jboss\logging\jboss-logging\3.4.2.Final\jboss-logging-3.4.2.Final.jar;C:\Users\Marti\.m2\repository\org\javassist\javassist\3.27.0-GA\javassist-3.27.0-GA.jar;C:\Users\Marti\.m2\repository\net\bytebuddy\byte-buddy\1.10.22\byte-buddy-1.10.22.jar;C:\Users\Marti\.m2\repository\antlr\antlr\2.7.7\antlr-2.7.7.jar;C:\Users\Marti\.m2\repository\org\jboss\jandex\2.2.3.Final\jandex-2.2.3.Final.jar;C:\Users\Marti\.m2\repository\com\fasterxml\classmate\1.5.1\classmate-1.5.1.jar;C:\Users\Marti\.m2\repository\org\dom4j\dom4j\2.1.3\dom4j-2.1.3.jar;C:\Users\Marti\.m2\repository\org\hibernate\common\hibernate-commons-annotations\5.1.2.Final\hibernate-commons-annotations-5.1.2.Final.jar;C:\Users\Marti\.m2\repository\org\springframework\data\spring-data-jpa\2.5.4\spring-data-jpa-2.5.4.jar;C:\Users\Marti\.m2\repository\org\springframework\data\spring-data-commons\2.5.4\spring-data-commons-2.5.4.jar;C:\Users\Marti\.m2\repository\org\springframework\spring-orm\5.3.9\spring-orm-5.3.9.jar;C:\Users\Marti\.m2\repository\org\springframework\spring-tx\5.3.9\spring-tx-5.3.9.jar;C:\Users\Marti\.m2\repository\org\springframework\spring-aspects\5.3.9\spring-aspects-5.3.9.jar;C:\Users\Marti\.m2\repository\org\springframework\boot\spring-boot-starter-aop\2.5.4\spring-boot-starter-aop-2.5.4.jar;C:\Users\Marti\.m2\repository\org\aspectj\aspectjweaver\1.9.7\aspectjweaver-1.9.7.jar;C:\Users\Marti\.m2\repository\org\springframework\boot\spring-boot-starter-actuator\2.5.4\spring-boot-starter-actuator-2.5.4.jar;C:\Users\Marti\.m2\repository\org\springframework\boot\spring-boot-actuator-autoconfigure\2.5.4\spring-boot-actuator-autoconfigure-2.5.4.jar;C:\Users\Marti\.m2\repository\org\springframework\boot\spring-boot-actuator\2.5.4\spring-boot-actuator-2.5.4.jar;C:\Users\Marti\.m2\repository\io\micrometer\micrometer-core\1.7.3\micrometer-core-1.7.3.jar;C:\Users\Marti\.m2\repository\org\hdrhistogram\HdrHistogram\2.1.12\HdrHistogram-2.1.12.jar;C:\Users\Marti\.m2\repository\org\latencyutils\LatencyUtils\2.0.3\LatencyUtils-2.0.3.jar;C:\Users\Marti\.m2\repository\com\h2database\h2\1.4.200\h2-1.4.200.jar;C:\Users\Marti\.m2\repository\jakarta\interceptor\jakarta.interceptor-api\1.2.4\jakarta.interceptor-api-1.2.4.jar;C:\Users\Marti\.m2\repository\jakarta\ejb\jakarta.ejb-api\3.2.4\jakarta.ejb-api-3.2.4.jar;C:\Users\Marti\.m2\repository\jakarta\transaction\jakarta.transaction-api\1.3.3\jakarta.transaction-api-1.3.3.jar;C:\Users\Marti\.m2\repository\wsdl4j\wsdl4j\1.6.3\wsdl4j-1.6.3.jar;C:\Users\Marti\.m2\repository\org\apache\xmlbeans\xmlbeans\3.1.0\xmlbeans-3.1.0.jar;C:\Users\Marti\.m2\repository\io\swagger\parser\v3\swagger-parser\2.0.28\swagger-parser-2.0.28.jar;C:\Users\Marti\.m2\repository\io\swagger\parser\v3\swagger-parser-v2-converter\2.0.28\swagger-parser-v2-converter-2.0.28.jar;C:\Users\Marti\.m2\repository\io\swagger\swagger-core\1.6.3\swagger-core-1.6.3.jar;C:\Users\Marti\.m2\repository\org\apache\commons\commons-lang3\3.12.0\commons-lang3-3.12.0.jar;C:\Users\Marti\.m2\repository\io\swagger\swagger-models\1.6.3\swagger-models-1.6.3.jar;C:\Users\Marti\.m2\repository\io\swagger\swagger-annotations\1.6.3\swagger-annotations-1.6.3.jar;C:\Users\Marti\.m2\repository\javax\validation\validation-api\2.0.1.Final\validation-api-2.0.1.Final.jar;C:\Users\Marti\.m2\repository\io\swagger\swagger-parser\1.0.56\swagger-parser-1.0.56.jar;C:\Users\Marti\.m2\repository\io\swagger\swagger-compat-spec-parser\1.0.56\swagger-compat-spec-parser-1.0.56.jar;C:\Users\Marti\.m2\repository\com\github\java-json-tools\json-patch\1.13\json-patch-1.13.jar;C:\Users\Marti\.m2\repository\com\github\java-json-tools\msg-simple\1.2\msg-simple-1.2.jar;C:\Users\Marti\.m2\repository\com\github\java-json-tools\btf\1.3\btf-1.3.jar;C:\Users\Marti\.m2\repository\com\github\java-json-tools\jackson-coreutils\2.0\jackson-coreutils-2.0.jar;C:\Users\Marti\.m2\repository\io\swagger\core\v3\swagger-models\2.1.11\swagger-models-2.1.11.jar;C:\Users\Marti\.m2\repository\io\swagger\parser\v3\swagger-parser-core\2.0.28\swagger-parser-core-2.0.28.jar;C:\Users\Marti\.m2\repository\io\swagger\parser\v3\swagger-parser-v3\2.0.28\swagger-parser-v3-2.0.28.jar;C:\Users\Marti\.m2\repository\io\swagger\core\v3\swagger-core\2.1.11\swagger-core-2.1.11.jar;C:\Users\Marti\.m2\repository\io\swagger\core\v3\swagger-annotations\2.1.11\swagger-annotations-2.1.11.jar;C:\Users\Marti\.m2\repository\jakarta\validation\jakarta.validation-api\2.0.2\jakarta.validation-api-2.0.2.jar;C:\Users\Marti\.m2\repository\com\fasterxml\jackson\dataformat\jackson-dataformat-yaml\2.12.4\jackson-dataformat-yaml-2.12.4.jar;C:\Users\Marti\.m2\repository\com\consol\citrus\citrus-core\3.2.1\citrus-core-3.2.1.jar;C:\Users\Marti\.m2\repository\com\consol\citrus\citrus-spring\3.2.1\citrus-spring-3.2.1.jar;C:\Users\Marti\.m2\repository\com\consol\citrus\citrus-validation-json\3.2.1\citrus-validation-json-3.2.1.jar;C:\Users\Marti\.m2\repository\net\minidev\json-smart\2.4.7\json-smart-2.4.7.jar;C:\Users\Marti\.m2\repository\net\minidev\accessors-smart\2.4.7\accessors-smart-2.4.7.jar;C:\Users\Marti\.m2\repository\org\ow2\asm\asm\9.1\asm-9.1.jar;C:\Users\Marti\.m2\repository\com\jayway\jsonpath\json-path\2.5.0\json-path-2.5.0.jar;C:\Users\Marti\.m2\repository\com\github\java-json-tools\json-schema-validator\2.2.14\json-schema-validator-2.2.14.jar;C:\Users\Marti\.m2\repository\com\github\java-json-tools\jackson-coreutils-equivalence\1.0\jackson-coreutils-equivalence-1.0.jar;C:\Users\Marti\.m2\repository\com\github\java-json-tools\json-schema-core\1.2.14\json-schema-core-1.2.14.jar;C:\Users\Marti\.m2\repository\com\github\java-json-tools\uri-template\0.10\uri-template-0.10.jar;C:\Users\Marti\.m2\repository\org\mozilla\rhino\1.7.7.2\rhino-1.7.7.2.jar;C:\Users\Marti\.m2\repository\com\sun\mail\mailapi\1.6.2\mailapi-1.6.2.jar;C:\Users\Marti\.m2\repository\joda-time\joda-time\2.10.5\joda-time-2.10.5.jar;C:\Users\Marti\.m2\repository\com\googlecode\libphonenumber\libphonenumber\8.11.1\libphonenumber-8.11.1.jar;C:\Users\Marti\.m2\repository\net\sf\jopt-simple\jopt-simple\5.0.4\jopt-simple-5.0.4.jar;C:\Users\Marti\.m2\repository\com\consol\citrus\citrus-validation-text\3.2.1\citrus-validation-text-3.2.1.jar;C:\Users\Marti\.m2\repository\com\consol\citrus\citrus-validation-binary\3.2.1\citrus-validation-binary-3.2.1.jar;C:\Users\Marti\.m2\repository\com\consol\citrus\citrus-validation-groovy\3.2.1\citrus-validation-groovy-3.2.1.jar;C:\Users\Marti\.m2\repository\org\codehaus\groovy\groovy\3.0.8\groovy-3.0.8.jar;C:\Users\Marti\.m2\repository\org\codehaus\groovy\groovy-jsr223\3.0.8\groovy-jsr223-3.0.8.jar;C:\Users\Marti\.m2\repository\org\codehaus\groovy\groovy-json\3.0.8\groovy-json-3.0.8.jar;C:\Users\Marti\.m2\repository\org\codehaus\groovy\groovy-xml\3.0.8\groovy-xml-3.0.8.jar;C:\Users\Marti\.m2\repository\com\consol\citrus\citrus-validation-hamcrest\3.2.1\citrus-validation-hamcrest-3.2.1.jar;C:\Users\Marti\.m2\repository\org\hamcrest\hamcrest\2.2\hamcrest-2.2.jar;C:\Users\Marti\.m2\repository\org\hamcrest\hamcrest-library\2.2\hamcrest-library-2.2.jar;C:\Users\Marti\.m2\repository\org\hamcrest\hamcrest-core\2.2\hamcrest-core-2.2.jar;C:\Users\Marti\.m2\repository\com\consol\citrus\citrus-testng\3.2.1\citrus-testng-3.2.1.jar;C:\Users\Marti\.m2\repository\com\consol\citrus\citrus-junit\3.2.1\citrus-junit-3.2.1.jar;C:\Users\Marti\.m2\repository\com\consol\citrus\citrus-junit5\3.2.1\citrus-junit5-3.2.1.jar;C:\Users\Marti\.m2\repository\com\consol\citrus\citrus-main\3.2.1\citrus-main-3.2.1.jar;C:\Users\Marti\.m2\repository\com\consol\citrus\citrus-cucumber\3.2.1\citrus-cucumber-3.2.1.jar;C:\Users\Marti\.m2\repository\io\cucumber\cucumber-java\6.11.0\cucumber-java-6.11.0.jar;C:\Users\Marti\.m2\repository\io\cucumber\cucumber-core\6.11.0\cucumber-core-6.11.0.jar;C:\Users\Marti\.m2\repository\io\cucumber\cucumber-gherkin\6.11.0\cucumber-gherkin-6.11.0.jar;C:\Users\Marti\.m2\repository\io\cucumber\cucumber-gherkin-messages\6.11.0\cucumber-gherkin-messages-6.11.0.jar;C:\Users\Marti\.m2\repository\io\cucumber\messages\15.0.0\messages-15.0.0.jar;C:\Users\Marti\.m2\repository\io\cucumber\tag-expressions\3.0.1\tag-expressions-3.0.1.jar;C:\Users\Marti\.m2\repository\io\cucumber\cucumber-expressions\10.3.0\cucumber-expressions-10.3.0.jar;C:\Users\Marti\.m2\repository\io\cucumber\datatable\3.5.0\datatable-3.5.0.jar;C:\Users\Marti\.m2\repository\io\cucumber\cucumber-plugin\6.11.0\cucumber-plugin-6.11.0.jar;C:\Users\Marti\.m2\repository\io\cucumber\docstring\6.11.0\docstring-6.11.0.jar;C:\Users\Marti\.m2\repository\io\cucumber\html-formatter\13.0.0\html-formatter-13.0.0.jar;C:\Users\Marti\.m2\repository\io\cucumber\create-meta\4.0.0\create-meta-4.0.0.jar;C:\Users\Marti\.m2\repository\org\apiguardian\apiguardian-api\1.1.2\apiguardian-api-1.1.2.jar;C:\Users\Marti\.m2\repository\com\consol\citrus\citrus-groovy\3.2.1\citrus-groovy-3.2.1.jar;C:\Users\Marti\.m2\repository\com\consol\citrus\citrus-spring-integration\3.2.1\citrus-spring-integration-3.2.1.jar;C:\Users\Marti\.m2\repository\org\springframework\integration\spring-integration-core\5.5.3\spring-integration-core-5.5.3.jar;C:\Users\Marti\.m2\repository\org\springframework\spring-messaging\5.3.9\spring-messaging-5.3.9.jar;C:\Users\Marti\.m2\repository\org\springframework\retry\spring-retry\1.3.1\spring-retry-1.3.1.jar;C:\Users\Marti\.m2\repository\javax\annotation\javax.annotation-api\1.3.2\javax.annotation-api-1.3.2.jar;C:\Users\Marti\.m2\repository\io\projectreactor\reactor-core\3.4.9\reactor-core-3.4.9.jar;C:\Users\Marti\.m2\repository\org\reactivestreams\reactive-streams\1.0.3\reactive-streams-1.0.3.jar;C:\Users\Marti\.m2\repository\com\consol\citrus\citrus-sql\3.2.1\citrus-sql-3.2.1.jar;C:\Users\Marti\.m2\repository\org\springframework\spring-test\5.3.9\spring-test-5.3.9.jar;C:\Users\Marti\.m2\repository\com\consol\citrus\citrus-http\3.2.1\citrus-http-3.2.1.jar;C:\Users\Marti\.m2\repository\org\springframework\integration\spring-integration-http\5.5.3\spring-integration-http-5.5.3.jar;C:\Users\Marti\.m2\repository\org\springframework\spring-oxm\5.3.9\spring-oxm-5.3.9.jar;C:\Users\Marti\.m2\repository\org\apache\httpcomponents\httpclient\4.5.13\httpclient-4.5.13.jar;C:\Users\Marti\.m2\repository\org\apache\httpcomponents\httpcore\4.4.14\httpcore-4.4.14.jar;C:\Users\Marti\.m2\repository\com\consol\citrus\citrus-java-dsl\3.2.1\citrus-java-dsl-3.2.1.jar;C:\Users\Marti\.m2\repository\com\consol\citrus\citrus-endpoint-catalog\3.2.1\citrus-endpoint-catalog-3.2.1.jar;C:\Users\Marti\.m2\repository\org\slf4j\slf4j-api\1.7.32\slf4j-api-1.7.32.jar;C:\Users\Marti\.m2\repository\org\slf4j\jcl-over-slf4j\1.7.32\jcl-over-slf4j-1.7.32.jar;C:\Users\Marti\.m2\repository\ch\qos\logback\logback-classic\1.2.5\logback-classic-1.2.5.jar;C:\Users\Marti\.m2\repository\ch\qos\logback\logback-core\1.2.5\logback-core-1.2.5.jar;C:\Users\Marti\.m2\repository\org\citrusframework\citrus-simulator-ui\2.1.1\citrus-simulator-ui-2.1.1.jar;C:\Users\Marti\.m2\repository\com\consol\citrus\citrus-api\3.2.1\citrus-api-3.2.1.jar;C:\Users\Marti\.m2\repository\org\springframework\spring-core\5.3.9\spring-core-5.3.9.jar;C:\Users\Marti\.m2\repository\org\springframework\spring-jcl\5.3.9\spring-jcl-5.3.9.jar;C:\Users\Marti\.m2\repository\com\consol\citrus\citrus-ws\3.2.1\citrus-ws-3.2.1.jar;C:\Users\Marti\.m2\repository\com\consol\citrus\citrus-base\3.2.1\citrus-base-3.2.1.jar;C:\Users\Marti\.m2\repository\commons-lang\commons-lang\2.6\commons-lang-2.6.jar;C:\Users\Marti\.m2\repository\com\consol\citrus\citrus-validation-xml\3.2.1\citrus-validation-xml-3.2.1.jar;C:\Users\Marti\.m2\repository\org\glassfish\jaxb\jaxb-core\2.3.0.1\jaxb-core-2.3.0.1.jar;C:\Users\Marti\.m2\repository\org\glassfish\jaxb\txw2\2.3.5\txw2-2.3.5.jar;C:\Users\Marti\.m2\repository\com\sun\istack\istack-commons-runtime\3.0.5\istack-commons-runtime-3.0.5.jar;C:\Users\Marti\.m2\repository\org\glassfish\jaxb\jaxb-runtime\2.3.5\jaxb-runtime-2.3.5.jar;C:\Users\Marti\.m2\repository\xalan\xalan\2.7.2\xalan-2.7.2.jar;C:\Users\Marti\.m2\repository\xalan\serializer\2.7.2\serializer-2.7.2.jar;C:\Users\Marti\.m2\repository\xerces\xercesImpl\2.12.2\xercesImpl-2.12.2.jar;C:\Users\Marti\.m2\repository\xml-apis\xml-apis\1.4.01\xml-apis-1.4.01.jar;C:\Users\Marti\.m2\repository\net\sf\jtidy\jtidy\r938\jtidy-r938.jar;C:\Users\Marti\.m2\repository\com\sun\xml\messaging\saaj\saaj-impl\1.5.3\saaj-impl-1.5.3.jar;C:\Users\Marti\.m2\repository\jakarta\xml\soap\jakarta.xml.soap-api\1.4.2\jakarta.xml.soap-api-1.4.2.jar;C:\Users\Marti\.m2\repository\org\jvnet\staxex\stax-ex\1.8.3\stax-ex-1.8.3.jar;C:\Users\Marti\.m2\repository\com\sun\activation\jakarta.activation\1.2.2\jakarta.activation-1.2.2.jar;C:\Users\Marti\.m2\repository\jakarta\xml\bind\jakarta.xml.bind-api\2.3.3\jakarta.xml.bind-api-2.3.3.jar;C:\Users\Marti\.m2\repository\jakarta\activation\jakarta.activation-api\1.2.2\jakarta.activation-api-1.2.2.jar;C:\Users\Marti\.m2\repository\org\eclipse\jetty\jetty-server\9.4.43.v20210629\jetty-server-9.4.43.v20210629.jar;C:\Users\Marti\.m2\repository\org\eclipse\jetty\jetty-http\9.4.43.v20210629\jetty-http-9.4.43.v20210629.jar;C:\Users\Marti\.m2\repository\org\eclipse\jetty\jetty-util\9.4.43.v20210629\jetty-util-9.4.43.v20210629.jar;C:\Users\Marti\.m2\repository\org\eclipse\jetty\jetty-io\9.4.43.v20210629\jetty-io-9.4.43.v20210629.jar;C:\Users\Marti\.m2\repository\org\eclipse\jetty\jetty-servlet\9.4.43.v20210629\jetty-servlet-9.4.43.v20210629.jar;C:\Users\Marti\.m2\repository\org\eclipse\jetty\jetty-security\9.4.43.v20210629\jetty-security-9.4.43.v20210629.jar;C:\Users\Marti\.m2\repository\org\eclipse\jetty\jetty-util-ajax\9.4.43.v20210629\jetty-util-ajax-9.4.43.v20210629.jar;C:\Users\Marti\.m2\repository\jakarta\servlet\jakarta.servlet-api\4.0.4\jakarta.servlet-api-4.0.4.jar;C:\Users\Marti\.m2\repository\commons-codec\commons-codec\1.15\commons-codec-1.15.jar;C:\Users\Marti\.m2\repository\commons-io\commons-io\2.8.0\commons-io-2.8.0.jar;C:\Users\Marti\.m2\repository\org\springframework\spring-beans\5.3.9\spring-beans-5.3.9.jar;C:\Users\Marti\.m2\repository\org\springframework\spring-aop\5.3.9\spring-aop-5.3.9.jar;C:\Users\Marti\.m2\repository\org\springframework\ws\spring-ws-core\3.1.1\spring-ws-core-3.1.1.jar;C:\Users\Marti\.m2\repository\org\springframework\ws\spring-xml\3.1.1\spring-xml-3.1.1.jar;C:\Users\Marti\.m2\repository\org\springframework\spring-context\5.3.9\spring-context-5.3.9.jar;C:\Users\Marti\.m2\repository\org\testng\testng\7.3.0\testng-7.3.0.jar;C:\Users\Marti\.m2\repository\com\beust\jcommander\1.78\jcommander-1.78.jar;C:\Users\Marti\.m2\repository\org\apache\ant\ant\1.10.3\ant-1.10.3.jar;C:\Users\Marti\.m2\repository\org\apache\ant\ant-launcher\1.10.3\ant-launcher-1.10.3.jar;C:\Users\Marti\.m2\repository\junit\junit\4.13.2\junit-4.13.2.jar;C:\Users\Marti\.m2\repository\com\google\inject\guice\4.2.2\guice-4.2.2-no_aop.jar;C:\Users\Marti\.m2\repository\javax\inject\javax.inject\1\javax.inject-1.jar;C:\Users\Marti\.m2\repository\aopalliance\aopalliance\1.0\aopalliance-1.0.jar;C:\Users\Marti\.m2\repository\com\google\guava\guava\25.1-android\guava-25.1-android.jar;C:\Users\Marti\.m2\repository\com\google\code\findbugs\jsr305\3.0.2\jsr305-3.0.2.jar;C:\Users\Marti\.m2\repository\org\checkerframework\checker-compat-qual\2.0.0\checker-compat-qual-2.0.0.jar;C:\Users\Marti\.m2\repository\com\google\errorprone\error_prone_annotations\2.1.3\error_prone_annotations-2.1.3.jar;C:\Users\Marti\.m2\repository\com\google\j2objc\j2objc-annotations\1.1\j2objc-annotations-1.1.jar;C:\Users\Marti\.m2\repository\org\codehaus\mojo\animal-sniffer-annotations\1.14\animal-sniffer-annotations-1.14.jar;C:\Users\Marti\.m2\repository\org\yaml\snakeyaml\1.28\snakeyaml-1.28.jar;"/>
    <property name="sun.cpu.endian" value="little"/>
    <property name="user.home" value="C:\Users\Marti"/>
    <property name="user.language" value="de"/>
    <property name="java.specification.vendor" value="Oracle Corporation"/>
    <property name="java.version.date" value="2022-08-12"/>
    <property name="java.home" value="C:\Users\Marti\.jdks\corretto-17.0.4.1"/>
    <property name="file.separator" value="\"/>
    <property name="basedir" value="D:\Projekte\citrusSimSoap\citrus-simulator-rest"/>
    <property name="java.vm.compressedOopsMode" value="Zero based"/>
    <property name="line.separator" value="&#10;"/>
    <property name="java.vm.specification.vendor" value="Oracle Corporation"/>
    <property name="java.specification.name" value="Java Platform API Specification"/>
    <property name="surefire.real.class.path" value="C:\Users\Marti\AppData\Local\Temp\surefire17353278587149324083\surefirebooter5665114244842585923.jar"/>
    <property name="user.script" value=""/>
    <property name="sun.management.compiler" value="HotSpot 64-Bit Tiered Compilers"/>
    <property name="java.runtime.version" value="17.0.4.1+9-LTS"/>
    <property name="user.name" value="Marti"/>
    <property name="path.separator" value=";"/>
    <property name="os.version" value="10.0"/>
    <property name="java.runtime.name" value="OpenJDK Runtime Environment"/>
    <property name="file.encoding" value="Cp1252"/>
    <property name="java.vm.name" value="OpenJDK 64-Bit Server VM"/>
    <property name="java.vendor.version" value="Corretto-17.0.4.9.1"/>
    <property name="localRepository" value="C:\Users\Marti\.m2\repository"/>
    <property name="java.vendor.url.bug" value="https://github.com/corretto/corretto-17/issues/"/>
    <property name="java.io.tmpdir" value="C:\Users\Marti\AppData\Local\Temp\"/>
    <property name="java.version" value="17.0.4.1"/>
    <property name="user.dir" value="D:\Projekte\citrusSimSoap\citrus-simulator-rest"/>
    <property name="os.arch" value="amd64"/>
    <property name="java.vm.specification.name" value="Java Virtual Machine Specification"/>
    <property name="sun.os.patch.level" value=""/>
    <property name="native.encoding" value="Cp1252"/>
    <property name="java.library.path" value="C:\Users\Marti\.jdks\corretto-17.0.4.1\bin;C:\Windows\Sun\Java\bin;C:\Windows\system32;C:\Windows;C:\Windows\system32;C:\Windows;C:\Windows\System32\Wbem;C:\Windows\System32\WindowsPowerShell\v1.0\;C:\Windows\System32\OpenSSH\;C:\Program Files\NVIDIA Corporation\NVIDIA NvDLISR;C:\Program Files (x86)\NVIDIA Corporation\PhysX\Common;C:\Program Files\Git\cmd;C:\Program Files\Docker\Docker\resources\bin;C:\Users\Marti\AppData\Roaming\JetBrains\IntelliJIdea2021.3\node\node-v14.15.0-win-x64;C:\Users\Marti\AppData\Local\Microsoft\WindowsApps;C:\Users\Marti\apache-maven-3.8.6\bin;C:\Users\Marti\.jdks\corretto-17.0.4.1\bin;C:\Gradle\gradle-7.5.1\bin;;."/>
    <property name="java.vm.info" value="mixed mode, sharing"/>
    <property name="java.vendor" value="Amazon.com Inc."/>
    <property name="java.vm.version" value="17.0.4.1+9-LTS"/>
    <property name="sun.io.unicode.encoding" value="UnicodeLittle"/>
    <property name="java.class.version" value="61.0"/>
  </properties>
  <testcase name="testGoodByeRequest" classname="org.citrusframework.simulator.SimulatorWebServiceIT" time="0.581"/>
  <testcase name="testGoodNightRequest" classname="org.citrusframework.simulator.SimulatorWebServiceIT" time="0.119"/>
  <testcase name="testHelloRequest" classname="org.citrusframework.simulator.SimulatorWebServiceIT" time="0.057"/>
  <testcase name="testUnknownRequest" classname="org.citrusframework.simulator.SimulatorWebServiceIT" time="0.036"/>
</testsuite>